1608807456132	geckodriver	INFO	Listening on 127.0.0.1:53865
1608807457099	mozrunner::runner	INFO	Running command: "/usr/bin/firefox" "--marionette" "-headless" "-foreground" "-no-remote" "-profile" "/tmp/rust_mozprofileGhEJHa"
*** You are running in headless mode.

(firefox:141116): GLib-GObject-WARNING **: 03:57:40.611: invalid (NULL) pointer instance

(firefox:141116): GLib-GObject-CRITICAL **: 03:57:40.611: g_signal_connect_data: assertion 'G_TYPE_CHECK_INSTANCE (instance)' failed

(/usr/lib/firefox/firefox:141195): GLib-GObject-WARNING **: 03:57:42.971: invalid (NULL) pointer instance

(/usr/lib/firefox/firefox:141195): GLib-GObject-CRITICAL **: 03:57:42.971: g_signal_connect_data: assertion 'G_TYPE_CHECK_INSTANCE (instance)' failed

(/usr/lib/firefox/firefox:141327): GLib-GObject-WARNING **: 03:57:43.484: invalid (NULL) pointer instance

(/usr/lib/firefox/firefox:141327): GLib-GObject-CRITICAL **: 03:57:43.484: g_signal_connect_data: assertion 'G_TYPE_CHECK_INSTANCE (instance)' failed
console.warn: SearchSettings: "get: No settings file exists, new profile?" (new Error("", "(unknown module)"))

(/usr/lib/firefox/firefox:141385): GLib-GObject-WARNING **: 03:57:47.486: invalid (NULL) pointer instance

(/usr/lib/firefox/firefox:141385): GLib-GObject-CRITICAL **: 03:57:47.486: g_signal_connect_data: assertion 'G_TYPE_CHECK_INSTANCE (instance)' failed

(/usr/lib/firefox/firefox:141387): GLib-GObject-WARNING **: 03:57:47.494: invalid (NULL) pointer instance

(/usr/lib/firefox/firefox:141387): GLib-GObject-CRITICAL **: 03:57:47.494: g_signal_connect_data: assertion 'G_TYPE_CHECK_INSTANCE (instance)' failed
1608807467652	Marionette	INFO	Listening on port 45629
1608807467776	Marionette	WARN	TLS certificate errors will be ignored for this session
Exiting due to channel error.
Exiting due to channel error.
Exiting due to channel error.
1608813196840	geckodriver	INFO	Listening on 127.0.0.1:35117
1608813196844	mozrunner::runner	INFO	Running command: "/usr/bin/firefox" "--marionette" "-headless" "-foreground" "-no-remote" "-profile" "/tmp/rust_mozprofileKJ00ih"
*** You are running in headless mode.

(firefox:144566): GLib-GObject-WARNING **: 05:33:18.785: invalid (NULL) pointer instance

(firefox:144566): GLib-GObject-CRITICAL **: 05:33:18.785: g_signal_connect_data: assertion 'G_TYPE_CHECK_INSTANCE (instance)' failed

(/usr/lib/firefox/firefox:144738): GLib-GObject-WARNING **: 05:33:19.349: invalid (NULL) pointer instance

(/usr/lib/firefox/firefox:144738): GLib-GObject-CRITICAL **: 05:33:19.349: g_signal_connect_data: assertion 'G_TYPE_CHECK_INSTANCE (instance)' failed

(/usr/lib/firefox/firefox:144755): GLib-GObject-WARNING **: 05:33:19.483: invalid (NULL) pointer instance

(/usr/lib/firefox/firefox:144755): GLib-GObject-CRITICAL **: 05:33:19.483: g_signal_connect_data: assertion 'G_TYPE_CHECK_INSTANCE (instance)' failed
console.warn: SearchSettings: "get: No settings file exists, new profile?" (new Error("", "(unknown module)"))

(/usr/lib/firefox/firefox:144823): GLib-GObject-WARNING **: 05:33:22.191: invalid (NULL) pointer instance

(/usr/lib/firefox/firefox:144823): GLib-GObject-CRITICAL **: 05:33:22.191: g_signal_connect_data: assertion 'G_TYPE_CHECK_INSTANCE (instance)' failed
1608813202217	Marionette	INFO	Listening on port 35655
1608813202272	Marionette	WARN	TLS certificate errors will be ignored for this session

###!!! [Parent][RunMessage] Error: Channel closing: too late to send/recv, messages will be lost

Exiting due to channel error.
Exiting due to channel error.
Exiting due to channel error.
1608869452915	geckodriver	INFO	Listening on 127.0.0.1:43377
1608869453916	mozrunner::runner	INFO	Running command: "/usr/bin/firefox" "--marionette" "-headless" "-foreground" "-no-remote" "-profile" "/tmp/rust_mozprofilef13Y7O"
*** You are running in headless mode.

(firefox:166493): GLib-GObject-WARNING **: 21:10:59.544: invalid (NULL) pointer instance

(firefox:166493): GLib-GObject-CRITICAL **: 21:10:59.544: g_signal_connect_data: assertion 'G_TYPE_CHECK_INSTANCE (instance)' failed

(/usr/lib/firefox/firefox:166582): GLib-GObject-WARNING **: 21:11:05.688: invalid (NULL) pointer instance

(/usr/lib/firefox/firefox:166582): GLib-GObject-CRITICAL **: 21:11:05.688: g_signal_connect_data: assertion 'G_TYPE_CHECK_INSTANCE (instance)' failed

(/usr/lib/firefox/firefox:166748): GLib-GObject-WARNING **: 21:11:06.506: invalid (NULL) pointer instance

(/usr/lib/firefox/firefox:166748): GLib-GObject-CRITICAL **: 21:11:06.506: g_signal_connect_data: assertion 'G_TYPE_CHECK_INSTANCE (instance)' failed
console.warn: SearchSettings: "get: No settings file exists, new profile?" (new Error("", "(unknown module)"))

(/usr/lib/firefox/firefox:166798): GLib-GObject-WARNING **: 21:11:07.905: invalid (NULL) pointer instance

(/usr/lib/firefox/firefox:166798): GLib-GObject-CRITICAL **: 21:11:07.905: g_signal_connect_data: assertion 'G_TYPE_CHECK_INSTANCE (instance)' failed
1608869470159	Marionette	INFO	Listening on port 33607
1608869470448	Marionette	WARN	TLS certificate errors will be ignored for this session
Exiting due to channel error.
Exiting due to channel error.
Exiting due to channel error.
1608899709341	geckodriver	INFO	Listening on 127.0.0.1:49727
1608899709343	mozrunner::runner	INFO	Running command: "/usr/bin/firefox" "--marionette" "-headless" "-foreground" "-no-remote" "-profile" "/tmp/rust_mozprofileOaFdon"
*** You are running in headless mode.

(firefox:222265): GLib-GObject-WARNING **: 05:35:12.674: invalid (NULL) pointer instance

(firefox:222265): GLib-GObject-CRITICAL **: 05:35:12.674: g_signal_connect_data: assertion 'G_TYPE_CHECK_INSTANCE (instance)' failed

(/usr/lib/firefox/firefox:222347): GLib-GObject-WARNING **: 05:35:15.720: invalid (NULL) pointer instance

(/usr/lib/firefox/firefox:222347): GLib-GObject-CRITICAL **: 05:35:15.720: g_signal_connect_data: assertion 'G_TYPE_CHECK_INSTANCE (instance)' failed

(/usr/lib/firefox/firefox:222490): GLib-GObject-WARNING **: 05:35:16.417: invalid (NULL) pointer instance

(/usr/lib/firefox/firefox:222490): GLib-GObject-CRITICAL **: 05:35:16.417: g_signal_connect_data: assertion 'G_TYPE_CHECK_INSTANCE (instance)' failed
console.warn: SearchSettings: "get: No settings file exists, new profile?" (new Error("", "(unknown module)"))

(/usr/lib/firefox/firefox:222540): GLib-GObject-WARNING **: 05:35:20.266: invalid (NULL) pointer instance

(/usr/lib/firefox/firefox:222540): GLib-GObject-CRITICAL **: 05:35:20.266: g_signal_connect_data: assertion 'G_TYPE_CHECK_INSTANCE (instance)' failed

(/usr/lib/firefox/firefox:222542): GLib-GObject-WARNING **: 05:35:20.317: invalid (NULL) pointer instance

(/usr/lib/firefox/firefox:222542): GLib-GObject-CRITICAL **: 05:35:20.318: g_signal_connect_data: assertion 'G_TYPE_CHECK_INSTANCE (instance)' failed
1608899720388	Marionette	INFO	Listening on port 32927
1608899720680	Marionette	WARN	TLS certificate errors will be ignored for this session
